<?xml version="1.0" encoding="UTF-8"?>
<!-- Generated by org.testng.reporters.JUnitReportReporter -->
<testsuite skipped="0" hostname="NAVEED" name="com.accenture.cucumberBddFramework.testrunner.TestRunner" tests="1" failures="0" timestamp="2019-10-13T17:59:20 IST" time="43.779" errors="0">
  <testcase name="feature" time="43.779" classname="com.accenture.cucumberBddFramework.testrunner.TestRunner"/>
</testsuite> <!-- com.accenture.cucumberBddFramework.testrunner.TestRunner -->
